-------------------------------------------------------------------------------
Test set: br.org.postalis.training.rh.funcionario.infrastructure.FuncionarioRepositoryTest
-------------------------------------------------------------------------------
Tests run: 2, Failures: 0, Errors: 1, Skipped: 0, Time elapsed: 4.599 s <<< FAILURE! -- in br.org.postalis.training.rh.funcionario.infrastructure.FuncionarioRepositoryTest
br.org.postalis.training.rh.funcionario.infrastructure.FuncionarioRepositoryTest.deveSalvarECarregarFuncionario -- Time elapsed: 0.039 s <<< ERROR!
org.springframework.dao.DuplicateKeyException: 
PreparedStatementCallback; SQL [INSERT INTO rh.funcionario (
    id, cpf, nome, email, matricula, cargo, salario,
    data_admissao, ativo, created_at, version
) VALUES (?, ?, ?, ?, ?, ?, ?, ?, true, ?, 1)
ON CONFLICT (id) DO NOTHING
]; ERROR: duplicate key value violates unique constraint "funcionario_cpf_key"
  Detalhe: Key (cpf)=(52998224725) already exists.
	at org.springframework.jdbc.support.SQLStateSQLExceptionTranslator.doTranslate(SQLStateSQLExceptionTranslator.java:138)
	at org.springframework.jdbc.support.AbstractFallbackSQLExceptionTranslator.translate(AbstractFallbackSQLExceptionTranslator.java:107)
	at org.springframework.jdbc.support.AbstractFallbackSQLExceptionTranslator.translate(AbstractFallbackSQLExceptionTranslator.java:116)
	at org.springframework.jdbc.core.JdbcTemplate.translateException(JdbcTemplate.java:1556)
	at org.springframework.jdbc.core.JdbcTemplate.execute(JdbcTemplate.java:677)
	at org.springframework.jdbc.core.JdbcTemplate.update(JdbcTemplate.java:972)
	at org.springframework.jdbc.core.JdbcTemplate.update(JdbcTemplate.java:1016)
	at org.springframework.jdbc.core.JdbcTemplate.update(JdbcTemplate.java:1026)
	at br.org.postalis.training.rh.funcionario.infrastructure.FuncionarioProjector.projectAdmissao(FuncionarioProjector.java:81)
	at br.org.postalis.training.rh.funcionario.infrastructure.FuncionarioProjector.project(FuncionarioProjector.java:58)
	at br.org.postalis.training.rh.funcionario.infrastructure.FuncionarioRepository.save(FuncionarioRepository.java:48)
	at java.base/jdk.internal.reflect.DirectMethodHandleAccessor.invoke(DirectMethodHandleAccessor.java:104)
	at java.base/java.lang.reflect.Method.invoke(Method.java:565)
	at org.springframework.aop.support.AopUtils.invokeJoinpointUsingReflection(AopUtils.java:360)
	at org.springframework.aop.framework.ReflectiveMethodInvocation.invokeJoinpoint(ReflectiveMethodInvocation.java:196)
	at org.springframework.aop.framework.ReflectiveMethodInvocation.proceed(ReflectiveMethodInvocation.java:163)
	at org.springframework.dao.support.PersistenceExceptionTranslationInterceptor.invoke(PersistenceExceptionTranslationInterceptor.java:138)
	at org.springframework.aop.framework.ReflectiveMethodInvocation.proceed(ReflectiveMethodInvocation.java:184)
	at org.springframework.transaction.interceptor.TransactionAspectSupport.invokeWithinTransaction(TransactionAspectSupport.java:380)
	at org.springframework.transaction.interceptor.TransactionInterceptor.invoke(TransactionInterceptor.java:119)
	at org.springframework.aop.framework.ReflectiveMethodInvocation.proceed(ReflectiveMethodInvocation.java:184)
	at org.springframework.aop.framework.CglibAopProxy$DynamicAdvisedInterceptor.intercept(CglibAopProxy.java:728)
	at br.org.postalis.training.rh.funcionario.infrastructure.FuncionarioRepository$$SpringCGLIB$$0.save(<generated>)
	at br.org.postalis.training.rh.funcionario.infrastructure.FuncionarioRepositoryTest.deveSalvarECarregarFuncionario(FuncionarioRepositoryTest.java:39)
	at java.base/java.lang.reflect.Method.invoke(Method.java:565)
	at java.base/java.util.ArrayList.forEach(ArrayList.java:1604)
	at java.base/java.util.ArrayList.forEach(ArrayList.java:1604)
Caused by: org.postgresql.util.PSQLException: ERROR: duplicate key value violates unique constraint "funcionario_cpf_key"
  Detalhe: Key (cpf)=(52998224725) already exists.
	at org.postgresql.core.v3.QueryExecutorImpl.receiveErrorResponse(QueryExecutorImpl.java:2846)
	at org.postgresql.core.v3.QueryExecutorImpl.processResults(QueryExecutorImpl.java:2531)
	at org.postgresql.core.v3.QueryExecutorImpl.execute(QueryExecutorImpl.java:429)
	at org.postgresql.jdbc.PgStatement.executeInternal(PgStatement.java:526)
	at org.postgresql.jdbc.PgStatement.execute(PgStatement.java:436)
	at org.postgresql.jdbc.PgPreparedStatement.executeWithFlags(PgPreparedStatement.java:196)
	at org.postgresql.jdbc.PgPreparedStatement.executeUpdate(PgPreparedStatement.java:157)
	at com.zaxxer.hikari.pool.ProxyPreparedStatement.executeUpdate(ProxyPreparedStatement.java:61)
	at com.zaxxer.hikari.pool.HikariProxyPreparedStatement.executeUpdate(HikariProxyPreparedStatement.java)
	at org.springframework.jdbc.core.JdbcTemplate.lambda$update$2(JdbcTemplate.java:977)
	at org.springframework.jdbc.core.JdbcTemplate.execute(JdbcTemplate.java:658)
	... 22 more

