<?xml version="1.0" encoding="UTF-8"?>
<testsuite xmlns:xsi="http://www.w3.org/2001/XMLSchema-instance" xsi:noNamespaceSchemaLocation="https://maven.apache.org/surefire/maven-surefire-plugin/xsd/surefire-test-report.xsd" version="3.0.2" name="br.org.postalis.training.rh.RhSystemApplicationTests" time="4.056" tests="1" errors="0" skipped="0" failures="0">
  <properties>
[...]
</properties>
  <testcase name="contextLoads" classname="br.org.postalis.training.rh.RhSystemApplicationTests" time="0.247">
    <system-out><![CDATA[17:49:59.558 [main] INFO org.springframework.test.context.support.AnnotationConfigContextLoaderUtils -- Could not detect default configuration classes for test class [br.org.postalis.training.rh.RhSystemApplicationTests]: RhSystemApplicationTests does not declare any static, non-private, non-final, nested classes annotated with @Configuration.
17:49:59.627 [main] INFO org.springframework.boot.test.context.SpringBootTestContextBootstrapper -- Found @SpringBootConfiguration br.org.postalis.training.rh.RhSystemApplication for test class br.org.postalis.training.rh.RhSystemApplicationTests

  .   ____          _            __ _ _
 /\\ / ___'_ __ _ _(_)_ __  __ _ \ \ \ \
( ( )\___ | '_ | '_| | '_ \/ _` | \ \ \ \
 \\/  ___)| |_)| | | | | || (_| |  ) ) ) )
  '  |____| .__|_| |_|_| |_\__, | / / / /
 =========|_|==============|___/=/_/_/_/

 :: Spring Boot ::               (v3.5.10)

2026-02-05T17:49:59.807-03:00  WARN 1700 --- [rh-system] [           main] ory$DuplicateJsonObjectContextCustomizer : 

Found multiple occurrences of org.json.JSONObject on the class path:

	jar:file:/C:/Users/User/.m2/repository/org/json/json/20250107/json-20250107.jar!/org/json/JSONObject.class
	jar:file:/C:/Users/User/.m2/repository/com/vaadin/external/google/android-json/0.0.20131108.vaadin1/android-json-0.0.20131108.vaadin1.jar!/org/json/JSONObject.class

You may wish to exclude one of them to ensure predictable runtime behavior

2026-02-05T17:49:59.824-03:00  INFO 1700 --- [rh-system] [           main] b.o.p.t.rh.RhSystemApplicationTests      : Starting RhSystemApplicationTests using Java 25.0.2 with PID 1700 (started by User in C:\Alder\projetos\treinamento\rh-system)
2026-02-05T17:49:59.824-03:00 DEBUG 1700 --- [rh-system] [           main] b.o.p.t.rh.RhSystemApplicationTests      : Running with Spring Boot v3.5.10, Spring v6.2.15
2026-02-05T17:49:59.825-03:00  INFO 1700 --- [rh-system] [           main] b.o.p.t.rh.RhSystemApplicationTests      : No active profile set, falling back to 1 default profile: "default"
2026-02-05T17:50:00.362-03:00  INFO 1700 --- [rh-system] [           main] .s.d.r.c.RepositoryConfigurationDelegate : Multiple Spring Data modules found, entering strict repository configuration mode
2026-02-05T17:50:00.363-03:00  INFO 1700 --- [rh-system] [           main] .s.d.r.c.RepositoryConfigurationDelegate : Bootstrapping Spring Data JPA repositories in DEFAULT mode.
2026-02-05T17:50:00.389-03:00  INFO 1700 --- [rh-system] [           main] .s.d.r.c.RepositoryConfigurationDelegate : Finished Spring Data repository scanning in 18 ms. Found 0 JPA repository interfaces.
2026-02-05T17:50:00.402-03:00  INFO 1700 --- [rh-system] [           main] .s.d.r.c.RepositoryConfigurationDelegate : Multiple Spring Data modules found, entering strict repository configuration mode
2026-02-05T17:50:00.402-03:00  INFO 1700 --- [rh-system] [           main] .s.d.r.c.RepositoryConfigurationDelegate : Bootstrapping Spring Data Redis repositories in DEFAULT mode.
2026-02-05T17:50:00.415-03:00  INFO 1700 --- [rh-system] [           main] .s.d.r.c.RepositoryConfigurationDelegate : Finished Spring Data repository scanning in 5 ms. Found 0 Redis repository interfaces.
2026-02-05T17:50:00.915-03:00  INFO 1700 --- [rh-system] [           main] com.zaxxer.hikari.HikariDataSource       : HikariPool-1 - Starting...
2026-02-05T17:50:01.051-03:00  INFO 1700 --- [rh-system] [           main] com.zaxxer.hikari.pool.HikariPool        : HikariPool-1 - Added connection org.postgresql.jdbc.PgConnection@71d3dfd5
2026-02-05T17:50:01.052-03:00  INFO 1700 --- [rh-system] [           main] com.zaxxer.hikari.HikariDataSource       : HikariPool-1 - Start completed.
2026-02-05T17:50:01.077-03:00  INFO 1700 --- [rh-system] [           main] org.flywaydb.core.FlywayExecutor         : Database: jdbc:postgresql://localhost:5432/rh_training?currentSchema=rh (PostgreSQL 18.1)
2026-02-05T17:50:01.103-03:00  WARN 1700 --- [rh-system] [           main] o.f.c.internal.database.base.Database    : Flyway upgrade recommended: PostgreSQL 18.1 is newer than this version of Flyway and support has not been tested. The latest supported version of PostgreSQL is 17.
2026-02-05T17:50:01.142-03:00  INFO 1700 --- [rh-system] [           main] o.f.c.i.s.JdbcTableSchemaHistory         : Schema history table "rh"."flyway_schema_history" does not exist yet
2026-02-05T17:50:01.148-03:00  INFO 1700 --- [rh-system] [           main] o.f.core.internal.command.DbValidate     : Successfully validated 2 migrations (execution time 00:00.029s)
2026-02-05T17:50:01.167-03:00  INFO 1700 --- [rh-system] [           main] org.flywaydb.core.Flyway                 : All configured schemas are empty; baseline operation skipped. A baseline or migration script with a lower version than the baseline version may execute if available. Check the Schemas parameter if this is not intended.
2026-02-05T17:50:01.174-03:00  INFO 1700 --- [rh-system] [           main] o.f.c.i.s.JdbcTableSchemaHistory         : Creating Schema History table "rh"."flyway_schema_history" ...
2026-02-05T17:50:01.229-03:00  INFO 1700 --- [rh-system] [           main] o.f.core.internal.command.DbMigrate      : Current version of schema "rh": << Empty Schema >>
2026-02-05T17:50:01.236-03:00  INFO 1700 --- [rh-system] [           main] o.f.core.internal.command.DbMigrate      : Migrating schema "rh" to version "1 - create domain events"
2026-02-05T17:50:01.284-03:00  INFO 1700 --- [rh-system] [           main] o.f.core.internal.command.DbMigrate      : Migrating schema "rh" to version "2 - modulith event publication"
2026-02-05T17:50:01.314-03:00  INFO 1700 --- [rh-system] [           main] o.f.core.internal.command.DbMigrate      : Successfully applied 2 migrations to schema "rh", now at version v2 (execution time 00:00.042s)
2026-02-05T17:50:01.406-03:00  INFO 1700 --- [rh-system] [           main] o.hibernate.jpa.internal.util.LogHelper  : HHH000204: Processing PersistenceUnitInfo [name: default]
2026-02-05T17:50:01.468-03:00  INFO 1700 --- [rh-system] [           main] org.hibernate.Version                    : HHH000412: Hibernate ORM core version 6.6.41.Final
2026-02-05T17:50:01.504-03:00  INFO 1700 --- [rh-system] [           main] o.h.c.internal.RegionFactoryInitiator    : HHH000026: Second-level cache disabled
2026-02-05T17:50:01.759-03:00  INFO 1700 --- [rh-system] [           main] o.s.o.j.p.SpringPersistenceUnitInfo      : No LoadTimeWeaver setup: ignoring JPA class transformer
2026-02-05T17:50:01.843-03:00  INFO 1700 --- [rh-system] [           main] org.hibernate.orm.connections.pooling    : HHH10001005: Database info:
	Database JDBC URL [Connecting through datasource 'HikariDataSource (HikariPool-1)']
	Database driver: undefined/unknown
	Database version: 18.1
	Autocommit mode: undefined/unknown
	Isolation level: undefined/unknown
	Minimum pool size: undefined/unknown
	Maximum pool size: undefined/unknown
2026-02-05T17:50:02.539-03:00  INFO 1700 --- [rh-system] [           main] o.h.e.t.j.p.i.JtaPlatformInitiator       : HHH000489: No JTA platform available (set 'hibernate.transaction.jta.platform' to enable JTA platform integration)
2026-02-05T17:50:02.588-03:00  INFO 1700 --- [rh-system] [           main] j.LocalContainerEntityManagerFactoryBean : Initialized JPA EntityManagerFactory for persistence unit 'default'
2026-02-05T17:50:02.688-03:00  WARN 1700 --- [rh-system] [           main] JpaBaseConfiguration$JpaWebConfiguration : spring.jpa.open-in-view is enabled by default. Therefore, database queries may be performed during view rendering. Explicitly configure spring.jpa.open-in-view to disable this warning
2026-02-05T17:50:03.324-03:00  INFO 1700 --- [rh-system] [           main] o.s.s.config.TaskSchedulerRouter         : No TaskScheduler/ScheduledExecutorService bean found for scheduled processing
2026-02-05T17:50:03.329-03:00  INFO 1700 --- [rh-system] [           main] b.o.p.t.rh.RhSystemApplicationTests      : Started RhSystemApplicationTests in 3.655 seconds (process running for 11.548)
]]></system-out>
    <system-err><![CDATA[Mockito is currently self-attaching to enable the inline-mock-maker. This will no longer work in future releases of the JDK. Please add Mockito as an agent to your build as described in Mockito's documentation: https://javadoc.io/doc/org.mockito/mockito-core/latest/org.mockito/org/mockito/Mockito.html#0.3
WARNING: A Java agent has been loaded dynamically (C:\Users\User\.m2\repository\net\bytebuddy\byte-buddy-agent\1.17.8\byte-buddy-agent-1.17.8.jar)
WARNING: If a serviceability tool is in use, please run with -XX:+EnableDynamicAgentLoading to hide this warning
WARNING: If a serviceability tool is not in use, please run with -Djdk.instrument.traceUsage for more information
WARNING: Dynamic loading of agents will be disallowed by default in a future release
]]></system-err>
  </testcase>
</testsuite>