<?xml version="1.0" encoding="UTF-8"?>
<testsuite xmlns:xsi="http://www.w3.org/2001/XMLSchema-instance" xsi:noNamespaceSchemaLocation="https://maven.apache.org/surefire/maven-surefire-plugin/xsd/surefire-test-report.xsd" version="3.0.2" name="br.org.postalis.training.rh.shared.domain.AggregateRootTest" time="0.099" tests="3" errors="0" skipped="0" failures="0">
  <properties>
[...]
</properties>
  <testcase name="deveLimparEventosAposCommit" classname="br.org.postalis.training.rh.shared.domain.AggregateRootTest" time="0.074"/>
  <testcase name="deveReconstruirDeEventos" classname="br.org.postalis.training.rh.shared.domain.AggregateRootTest" time="0.002"/>
  <testcase name="deveGerarEventoAoCriar" classname="br.org.postalis.training.rh.shared.domain.AggregateRootTest" time="0.002"/>
</testsuite>