<?xml version="1.0" encoding="UTF-8"?>
<testsuite xmlns:xsi="http://www.w3.org/2001/XMLSchema-instance" xsi:noNamespaceSchemaLocation="https://maven.apache.org/surefire/maven-surefire-plugin/xsd/surefire-test-report.xsd" version="3.0.2" name="br.org.postalis.training.rh.funcionario.infrastructure.FuncionarioRepositoryTest" time="4.599" tests="2" errors="1" skipped="0" failures="0">
  <properties>
[...]
</properties>
  <testcase name="deveRetornarVazioParaIdInexistente" classname="br.org.postalis.training.rh.funcionario.infrastructure.FuncionarioRepositoryTest" time="0.315">
    <system-out><![CDATA[20:15:40.712 [main] INFO org.springframework.test.context.support.AnnotationConfigContextLoaderUtils -- Could not detect default configuration classes for test class [br.org.postalis.training.rh.funcionario.infrastructure.FuncionarioRepositoryTest]: FuncionarioRepositoryTest does not declare any static, non-private, non-final, nested classes annotated with @Configuration.
20:15:40.859 [main] INFO org.springframework.boot.test.context.SpringBootTestContextBootstrapper -- Found @SpringBootConfiguration br.org.postalis.training.rh.RhSystemApplication for test class br.org.postalis.training.rh.funcionario.infrastructure.FuncionarioRepositoryTest

  .   ____          _            __ _ _
 /\\ / ___'_ __ _ _(_)_ __  __ _ \ \ \ \
( ( )\___ | '_ | '_| | '_ \/ _` | \ \ \ \
 \\/  ___)| |_)| | | | | || (_| |  ) ) ) )
  '  |____| .__|_| |_|_| |_\__, | / / / /
 =========|_|==============|___/=/_/_/_/

 :: Spring Boot ::               (v3.5.10)

2026-02-05T20:15:41.233-03:00  WARN 28112 --- [rh-system] [           main] ory$DuplicateJsonObjectContextCustomizer : 

Found multiple occurrences of org.json.JSONObject on the class path:

	jar:file:/C:/Users/User/.m2/repository/org/json/json/20250107/json-20250107.jar!/org/json/JSONObject.class
	jar:file:/C:/Users/User/.m2/repository/com/vaadin/external/google/android-json/0.0.20131108.vaadin1/android-json-0.0.20131108.vaadin1.jar!/org/json/JSONObject.class

You may wish to exclude one of them to ensure predictable runtime behavior

2026-02-05T20:15:41.249-03:00  INFO 28112 --- [rh-system] [           main] b.o.p.t.r.f.i.FuncionarioRepositoryTest  : Starting FuncionarioRepositoryTest using Java 25.0.2 with PID 28112 (started by User in C:\Alder\projetos\treinamento\rh-system)
2026-02-05T20:15:41.249-03:00 DEBUG 28112 --- [rh-system] [           main] b.o.p.t.r.f.i.FuncionarioRepositoryTest  : Running with Spring Boot v3.5.10, Spring v6.2.15
2026-02-05T20:15:41.250-03:00  INFO 28112 --- [rh-system] [           main] b.o.p.t.r.f.i.FuncionarioRepositoryTest  : No active profile set, falling back to 1 default profile: "default"
2026-02-05T20:15:41.896-03:00  INFO 28112 --- [rh-system] [           main] .s.d.r.c.RepositoryConfigurationDelegate : Multiple Spring Data modules found, entering strict repository configuration mode
2026-02-05T20:15:41.898-03:00  INFO 28112 --- [rh-system] [           main] .s.d.r.c.RepositoryConfigurationDelegate : Bootstrapping Spring Data JPA repositories in DEFAULT mode.
2026-02-05T20:15:41.929-03:00  INFO 28112 --- [rh-system] [           main] .s.d.r.c.RepositoryConfigurationDelegate : Finished Spring Data repository scanning in 22 ms. Found 0 JPA repository interfaces.
2026-02-05T20:15:41.941-03:00  INFO 28112 --- [rh-system] [           main] .s.d.r.c.RepositoryConfigurationDelegate : Multiple Spring Data modules found, entering strict repository configuration mode
2026-02-05T20:15:41.942-03:00  INFO 28112 --- [rh-system] [           main] .s.d.r.c.RepositoryConfigurationDelegate : Bootstrapping Spring Data Redis repositories in DEFAULT mode.
2026-02-05T20:15:41.959-03:00  INFO 28112 --- [rh-system] [           main] .s.d.r.c.RepositoryConfigurationDelegate : Finished Spring Data repository scanning in 8 ms. Found 0 Redis repository interfaces.
2026-02-05T20:15:42.541-03:00  INFO 28112 --- [rh-system] [           main] com.zaxxer.hikari.HikariDataSource       : HikariPool-1 - Starting...
2026-02-05T20:15:42.708-03:00  INFO 28112 --- [rh-system] [           main] com.zaxxer.hikari.pool.HikariPool        : HikariPool-1 - Added connection org.postgresql.jdbc.PgConnection@661e279d
2026-02-05T20:15:42.710-03:00  INFO 28112 --- [rh-system] [           main] com.zaxxer.hikari.HikariDataSource       : HikariPool-1 - Start completed.
2026-02-05T20:15:42.736-03:00  INFO 28112 --- [rh-system] [           main] org.flywaydb.core.FlywayExecutor         : Database: jdbc:postgresql://localhost:5432/rh_training?currentSchema=rh (PostgreSQL 18.1)
2026-02-05T20:15:42.752-03:00  WARN 28112 --- [rh-system] [           main] o.f.c.internal.database.base.Database    : Flyway upgrade recommended: PostgreSQL 18.1 is newer than this version of Flyway and support has not been tested. The latest supported version of PostgreSQL is 17.
2026-02-05T20:15:42.792-03:00  INFO 28112 --- [rh-system] [           main] o.f.core.internal.command.DbValidate     : Successfully validated 3 migrations (execution time 00:00.028s)
2026-02-05T20:15:42.835-03:00  INFO 28112 --- [rh-system] [           main] o.f.core.internal.command.DbMigrate      : Current version of schema "rh": 3
2026-02-05T20:15:42.839-03:00  INFO 28112 --- [rh-system] [           main] o.f.core.internal.command.DbMigrate      : Schema "rh" is up to date. No migration necessary.
2026-02-05T20:15:42.934-03:00  INFO 28112 --- [rh-system] [           main] o.hibernate.jpa.internal.util.LogHelper  : HHH000204: Processing PersistenceUnitInfo [name: default]
2026-02-05T20:15:42.981-03:00  INFO 28112 --- [rh-system] [           main] org.hibernate.Version                    : HHH000412: Hibernate ORM core version 6.6.41.Final
2026-02-05T20:15:43.012-03:00  INFO 28112 --- [rh-system] [           main] o.h.c.internal.RegionFactoryInitiator    : HHH000026: Second-level cache disabled
2026-02-05T20:15:43.246-03:00  INFO 28112 --- [rh-system] [           main] o.s.o.j.p.SpringPersistenceUnitInfo      : No LoadTimeWeaver setup: ignoring JPA class transformer
2026-02-05T20:15:43.318-03:00  INFO 28112 --- [rh-system] [           main] org.hibernate.orm.connections.pooling    : HHH10001005: Database info:
	Database JDBC URL [Connecting through datasource 'HikariDataSource (HikariPool-1)']
	Database driver: undefined/unknown
	Database version: 18.1
	Autocommit mode: undefined/unknown
	Isolation level: undefined/unknown
	Minimum pool size: undefined/unknown
	Maximum pool size: undefined/unknown
2026-02-05T20:15:43.976-03:00  INFO 28112 --- [rh-system] [           main] o.h.e.t.j.p.i.JtaPlatformInitiator       : HHH000489: No JTA platform available (set 'hibernate.transaction.jta.platform' to enable JTA platform integration)
2026-02-05T20:15:44.018-03:00  INFO 28112 --- [rh-system] [           main] j.LocalContainerEntityManagerFactoryBean : Initialized JPA EntityManagerFactory for persistence unit 'default'
2026-02-05T20:15:44.247-03:00  WARN 28112 --- [rh-system] [           main] JpaBaseConfiguration$JpaWebConfiguration : spring.jpa.open-in-view is enabled by default. Therefore, database queries may be performed during view rendering. Explicitly configure spring.jpa.open-in-view to disable this warning
2026-02-05T20:15:44.813-03:00  INFO 28112 --- [rh-system] [           main] o.s.s.config.TaskSchedulerRouter         : No TaskScheduler/ScheduledExecutorService bean found for scheduled processing
2026-02-05T20:15:44.817-03:00  INFO 28112 --- [rh-system] [           main] b.o.p.t.r.f.i.FuncionarioRepositoryTest  : Started FuncionarioRepositoryTest in 3.834 seconds (process running for 4.707)
]]></system-out>
    <system-err><![CDATA[Mockito is currently self-attaching to enable the inline-mock-maker. This will no longer work in future releases of the JDK. Please add Mockito as an agent to your build as described in Mockito's documentation: https://javadoc.io/doc/org.mockito/mockito-core/latest/org.mockito/org/mockito/Mockito.html#0.3
WARNING: A Java agent has been loaded dynamically (C:\Users\User\.m2\repository\net\bytebuddy\byte-buddy-agent\1.17.8\byte-buddy-agent-1.17.8.jar)
WARNING: If a serviceability tool is in use, please run with -XX:+EnableDynamicAgentLoading to hide this warning
WARNING: If a serviceability tool is not in use, please run with -Djdk.instrument.traceUsage for more information
WARNING: Dynamic loading of agents will be disallowed by default in a future release
]]></system-err>
  </testcase>
  <testcase name="deveSalvarECarregarFuncionario" classname="br.org.postalis.training.rh.funcionario.infrastructure.FuncionarioRepositoryTest" time="0.039">
    <error message="PreparedStatementCallback; SQL [INSERT INTO rh.funcionario (&#10;    id, cpf, nome, email, matricula, cargo, salario,&#10;    data_admissao, ativo, created_at, version&#10;) VALUES (?, ?, ?, ?, ?, ?, ?, ?, true, ?, 1)&#10;ON CONFLICT (id) DO NOTHING&#10;]; ERROR: duplicate key value violates unique constraint &quot;funcionario_cpf_key&quot;&#10;  Detalhe: Key (cpf)=(52998224725) already exists." type="org.springframework.dao.DuplicateKeyException"><![CDATA[org.springframework.dao.DuplicateKeyException: 
PreparedStatementCallback; SQL [INSERT INTO rh.funcionario (
    id, cpf, nome, email, matricula, cargo, salario,
    data_admissao, ativo, created_at, version
) VALUES (?, ?, ?, ?, ?, ?, ?, ?, true, ?, 1)
ON CONFLICT (id) DO NOTHING
]; ERROR: duplicate key value violates unique constraint "funcionario_cpf_key"
  Detalhe: Key (cpf)=(52998224725) already exists.
	at org.springframework.jdbc.support.SQLStateSQLExceptionTranslator.doTranslate(SQLStateSQLExceptionTranslator.java:138)
	at org.springframework.jdbc.support.AbstractFallbackSQLExceptionTranslator.translate(AbstractFallbackSQLExceptionTranslator.java:107)
	at org.springframework.jdbc.support.AbstractFallbackSQLExceptionTranslator.translate(AbstractFallbackSQLExceptionTranslator.java:116)
	at org.springframework.jdbc.core.JdbcTemplate.translateException(JdbcTemplate.java:1556)
	at org.springframework.jdbc.core.JdbcTemplate.execute(JdbcTemplate.java:677)
	at org.springframework.jdbc.core.JdbcTemplate.update(JdbcTemplate.java:972)
	at org.springframework.jdbc.core.JdbcTemplate.update(JdbcTemplate.java:1016)
	at org.springframework.jdbc.core.JdbcTemplate.update(JdbcTemplate.java:1026)
	at br.org.postalis.training.rh.funcionario.infrastructure.FuncionarioProjector.projectAdmissao(FuncionarioProjector.java:81)
	at br.org.postalis.training.rh.funcionario.infrastructure.FuncionarioProjector.project(FuncionarioProjector.java:58)
	at br.org.postalis.training.rh.funcionario.infrastructure.FuncionarioRepository.save(FuncionarioRepository.java:48)
	at java.base/jdk.internal.reflect.DirectMethodHandleAccessor.invoke(DirectMethodHandleAccessor.java:104)
	at java.base/java.lang.reflect.Method.invoke(Method.java:565)
	at org.springframework.aop.support.AopUtils.invokeJoinpointUsingReflection(AopUtils.java:360)
	at org.springframework.aop.framework.ReflectiveMethodInvocation.invokeJoinpoint(ReflectiveMethodInvocation.java:196)
	at org.springframework.aop.framework.ReflectiveMethodInvocation.proceed(ReflectiveMethodInvocation.java:163)
	at org.springframework.dao.support.PersistenceExceptionTranslationInterceptor.invoke(PersistenceExceptionTranslationInterceptor.java:138)
	at org.springframework.aop.framework.ReflectiveMethodInvocation.proceed(ReflectiveMethodInvocation.java:184)
	at org.springframework.transaction.interceptor.TransactionAspectSupport.invokeWithinTransaction(TransactionAspectSupport.java:380)
	at org.springframework.transaction.interceptor.TransactionInterceptor.invoke(TransactionInterceptor.java:119)
	at org.springframework.aop.framework.ReflectiveMethodInvocation.proceed(ReflectiveMethodInvocation.java:184)
	at org.springframework.aop.framework.CglibAopProxy$DynamicAdvisedInterceptor.intercept(CglibAopProxy.java:728)
	at br.org.postalis.training.rh.funcionario.infrastructure.FuncionarioRepository$$SpringCGLIB$$0.save(<generated>)
	at br.org.postalis.training.rh.funcionario.infrastructure.FuncionarioRepositoryTest.deveSalvarECarregarFuncionario(FuncionarioRepositoryTest.java:39)
	at java.base/java.lang.reflect.Method.invoke(Method.java:565)
	at java.base/java.util.ArrayList.forEach(ArrayList.java:1604)
	at java.base/java.util.ArrayList.forEach(ArrayList.java:1604)
Caused by: org.postgresql.util.PSQLException: ERROR: duplicate key value violates unique constraint "funcionario_cpf_key"
  Detalhe: Key (cpf)=(52998224725) already exists.
	at org.postgresql.core.v3.QueryExecutorImpl.receiveErrorResponse(QueryExecutorImpl.java:2846)
	at org.postgresql.core.v3.QueryExecutorImpl.processResults(QueryExecutorImpl.java:2531)
	at org.postgresql.core.v3.QueryExecutorImpl.execute(QueryExecutorImpl.java:429)
	at org.postgresql.jdbc.PgStatement.executeInternal(PgStatement.java:526)
	at org.postgresql.jdbc.PgStatement.execute(PgStatement.java:436)
	at org.postgresql.jdbc.PgPreparedStatement.executeWithFlags(PgPreparedStatement.java:196)
	at org.postgresql.jdbc.PgPreparedStatement.executeUpdate(PgPreparedStatement.java:157)
	at com.zaxxer.hikari.pool.ProxyPreparedStatement.executeUpdate(ProxyPreparedStatement.java:61)
	at com.zaxxer.hikari.pool.HikariProxyPreparedStatement.executeUpdate(HikariProxyPreparedStatement.java)
	at org.springframework.jdbc.core.JdbcTemplate.lambda$update$2(JdbcTemplate.java:977)
	at org.springframework.jdbc.core.JdbcTemplate.execute(JdbcTemplate.java:658)
	... 22 more
]]></error>
    <system-out><![CDATA[2026-02-05T20:15:45.174-03:00 DEBUG 28112 --- [rh-system] [           main] b.o.p.t.r.f.i.FuncionarioProjector       : Projetando FuncionarioAdmitido: 000001
]]></system-out>
  </testcase>
</testsuite>